{
  "stats": {
    "suites": 12,
    "tests": 41,
    "passes": 0,
    "pending": 0,
    "failures": 41,
    "start": "2021-11-22T17:40:39.138Z",
    "end": "2021-11-22T17:43:37.492Z",
    "duration": 178354,
    "testsRegistered": 41,
    "passPercent": 0,
    "pendingPercent": 0,
    "other": 0,
    "hasOther": false,
    "skipped": 0,
    "hasSkipped": false
  },
  "results": [
    {
      "uuid": "543c8c22-6a83-4bf4-818b-afbafc8a01de",
      "title": "",
      "fullFile": "cypress/integration/project.spec.js",
      "file": "cypress/integration/project.spec.js",
      "beforeHooks": [],
      "afterHooks": [],
      "tests": [],
      "suites": [
        {
          "uuid": "39bdade3-67c5-4a65-899e-492884abc40c",
          "title": "1 - Adicione à página o título \"Paleta de Cores\".",
          "fullFile": "",
          "file": "",
          "beforeHooks": [],
          "afterHooks": [],
          "tests": [
            {
              "title": "Verifica se contém um elemento `h1` com o id `title` com o título correto",
              "fullTitle": "1 - Adicione à página o título \"Paleta de Cores\". Verifica se contém um elemento `h1` com o id `title` com o título correto",
              "timedOut": null,
              "duration": 4263,
              "state": "failed",
              "speed": null,
              "pass": false,
              "fail": true,
              "pending": false,
              "context": null,
              "code": "cy.get('h1#title').should('contain.text', 'Paleta de Cores');",
              "err": {
                "message": "CypressError: Timed out retrying: expected '<h1#title>' to contain text 'Paleta de Cores', but the text was 'Paleta de cores'",
                "estack": "CypressError: Timed out retrying: expected '<h1#title>' to contain text 'Paleta de Cores', but the text was 'Paleta de cores'\n    at cypressErr (http://localhost:36429/__cypress/runner/cypress_runner.js:149934:9)\n    at throwErr (http://localhost:36429/__cypress/runner/cypress_runner.js:149867:11)\n    at Object.throwErrByPath (http://localhost:36429/__cypress/runner/cypress_runner.js:149915:3)\n    at retry (http://localhost:36429/__cypress/runner/cypress_runner.js:144197:19)\n    at onFailFn (http://localhost:36429/__cypress/runner/cypress_runner.js:132448:16)\n    at tryCatcher (http://localhost:36429/__cypress/runner/cypress_runner.js:167415:23)\n    at Promise._settlePromiseFromHandler (http://localhost:36429/__cypress/runner/cypress_runner.js:165351:31)\n    at Promise._settlePromise (http://localhost:36429/__cypress/runner/cypress_runner.js:165408:18)\n    at Promise._settlePromise0 (http://localhost:36429/__cypress/runner/cypress_runner.js:165453:10)\n    at Promise._settlePromises (http://localhost:36429/__cypress/runner/cypress_runner.js:165528:18)\n    at Async../node_modules/bluebird/js/release/async.js.Async._drainQueue (http://localhost:36429/__cypress/runner/cypress_runner.js:162140:16)\n    at Async../node_modules/bluebird/js/release/async.js.Async._drainQueues (http://localhost:36429/__cypress/runner/cypress_runner.js:162150:10)\n    at Async.drainQueues (http://localhost:36429/__cypress/runner/cypress_runner.js:162024:14)",
                "diff": null
              },
              "uuid": "a7dc21cb-2880-4fe4-ae1b-6cea759dae04",
              "parentUUID": "39bdade3-67c5-4a65-899e-492884abc40c",
              "isHook": false,
              "skipped": false
            }
          ],
          "suites": [],
          "passes": [],
          "failures": [
            "a7dc21cb-2880-4fe4-ae1b-6cea759dae04"
          ],
          "pending": [],
          "skipped": [],
          "duration": 4263,
          "root": false,
          "rootEmpty": false,
          "_timeout": 2000
        },
        {
          "uuid": "9c55449a-607a-4a62-8209-25dbadd65ca9",
          "title": "2 - Adicione à página uma paleta de quatro cores distintas.",
          "fullFile": "",
          "file": "",
          "beforeHooks": [],
          "afterHooks": [],
          "tests": [
            {
              "title": "A paleta de cores deve ser um elemento com `id` denominado `color-palette`",
              "fullTitle": "2 - Adicione à página uma paleta de quatro cores distintas. A paleta de cores deve ser um elemento com `id` denominado `color-palette`",
              "timedOut": null,
              "duration": 4353,
              "state": "failed",
              "speed": null,
              "pass": false,
              "fail": true,
              "pending": false,
              "context": null,
              "code": "cy.get('#color-palette').should('be.visible');\ncy.get('#color-palette').children('.color');",
              "err": {
                "message": "CypressError: Timed out retrying: Expected to find element: '#color-palette', but never found it.",
                "estack": "CypressError: Timed out retrying: Expected to find element: '#color-palette', but never found it.\n    at cypressErr (http://localhost:36429/__cypress/runner/cypress_runner.js:149934:9)\n    at throwErr (http://localhost:36429/__cypress/runner/cypress_runner.js:149867:11)\n    at Object.throwErrByPath (http://localhost:36429/__cypress/runner/cypress_runner.js:149915:3)\n    at retry (http://localhost:36429/__cypress/runner/cypress_runner.js:144197:19)\n    at onFailFn (http://localhost:36429/__cypress/runner/cypress_runner.js:132448:16)\n    at tryCatcher (http://localhost:36429/__cypress/runner/cypress_runner.js:167415:23)\n    at Promise._settlePromiseFromHandler (http://localhost:36429/__cypress/runner/cypress_runner.js:165351:31)\n    at Promise._settlePromise (http://localhost:36429/__cypress/runner/cypress_runner.js:165408:18)\n    at Promise._settlePromise0 (http://localhost:36429/__cypress/runner/cypress_runner.js:165453:10)\n    at Promise._settlePromises (http://localhost:36429/__cypress/runner/cypress_runner.js:165528:18)\n    at Async../node_modules/bluebird/js/release/async.js.Async._drainQueue (http://localhost:36429/__cypress/runner/cypress_runner.js:162140:16)\n    at Async../node_modules/bluebird/js/release/async.js.Async._drainQueues (http://localhost:36429/__cypress/runner/cypress_runner.js:162150:10)\n    at Async.drainQueues (http://localhost:36429/__cypress/runner/cypress_runner.js:162024:14)",
                "diff": null
              },
              "uuid": "5c8c32b9-9ef0-44c2-94f4-6d843c6e2515",
              "parentUUID": "9c55449a-607a-4a62-8209-25dbadd65ca9",
              "isHook": false,
              "skipped": false
            },
            {
              "title": "Verifica se cada cor individual da paleta de cores possui a `classe` chamada `color`.",
              "fullTitle": "2 - Adicione à página uma paleta de quatro cores distintas. Verifica se cada cor individual da paleta de cores possui a `classe` chamada `color`.",
              "timedOut": null,
              "duration": 4285,
              "state": "failed",
              "speed": null,
              "pass": false,
              "fail": true,
              "pending": false,
              "context": null,
              "code": "cy.get('.color').should('have.length', 4).then(function (colors) {\n  for (var i = 0; i < colors.length; i++) {\n    cy.wrap(colors[i]).should('be.visible');\n  }\n});",
              "err": {
                "message": "CypressError: Timed out retrying: Expected to find element: '.color', but never found it.",
                "estack": "CypressError: Timed out retrying: Expected to find element: '.color', but never found it.\n    at cypressErr (http://localhost:36429/__cypress/runner/cypress_runner.js:149934:9)\n    at throwErr (http://localhost:36429/__cypress/runner/cypress_runner.js:149867:11)\n    at Object.throwErrByPath (http://localhost:36429/__cypress/runner/cypress_runner.js:149915:3)\n    at retry (http://localhost:36429/__cypress/runner/cypress_runner.js:144197:19)\n    at onFailFn (http://localhost:36429/__cypress/runner/cypress_runner.js:132448:16)\n    at tryCatcher (http://localhost:36429/__cypress/runner/cypress_runner.js:167415:23)\n    at Promise._settlePromiseFromHandler (http://localhost:36429/__cypress/runner/cypress_runner.js:165351:31)\n    at Promise._settlePromise (http://localhost:36429/__cypress/runner/cypress_runner.js:165408:18)\n    at Promise._settlePromise0 (http://localhost:36429/__cypress/runner/cypress_runner.js:165453:10)\n    at Promise._settlePromises (http://localhost:36429/__cypress/runner/cypress_runner.js:165528:18)\n    at Async../node_modules/bluebird/js/release/async.js.Async._drainQueue (http://localhost:36429/__cypress/runner/cypress_runner.js:162140:16)\n    at Async../node_modules/bluebird/js/release/async.js.Async._drainQueues (http://localhost:36429/__cypress/runner/cypress_runner.js:162150:10)\n    at Async.drainQueues (http://localhost:36429/__cypress/runner/cypress_runner.js:162024:14)",
                "diff": null
              },
              "uuid": "29e8d242-1108-4977-b8af-b080eb1f1bc8",
              "parentUUID": "9c55449a-607a-4a62-8209-25dbadd65ca9",
              "isHook": false,
              "skipped": false
            },
            {
              "title": "Verifica se a cor de fundo de cada elemento da paleta é a cor que o elemento representa. **A única cor não permitida na paleta é a cor branca.**",
              "fullTitle": "2 - Adicione à página uma paleta de quatro cores distintas. Verifica se a cor de fundo de cada elemento da paleta é a cor que o elemento representa. **A única cor não permitida na paleta é a cor branca.**",
              "timedOut": null,
              "duration": 4256,
              "state": "failed",
              "speed": null,
              "pass": false,
              "fail": true,
              "pending": false,
              "context": null,
              "code": "cy.get('.color').each(function (color) {\n  cy.wrap(color).should('have.class', 'color').and('not.have.css', 'background-color', WHITE);\n  cy.wrap(color).should('have.css', 'background-color');\n});",
              "err": {
                "message": "CypressError: Timed out retrying: Expected to find element: '.color', but never found it.",
                "estack": "CypressError: Timed out retrying: Expected to find element: '.color', but never found it.\n    at cypressErr (http://localhost:36429/__cypress/runner/cypress_runner.js:149934:9)\n    at throwErr (http://localhost:36429/__cypress/runner/cypress_runner.js:149867:11)\n    at Object.throwErrByPath (http://localhost:36429/__cypress/runner/cypress_runner.js:149915:3)\n    at retry (http://localhost:36429/__cypress/runner/cypress_runner.js:144197:19)\n    at onFailFn (http://localhost:36429/__cypress/runner/cypress_runner.js:132448:16)\n    at tryCatcher (http://localhost:36429/__cypress/runner/cypress_runner.js:167415:23)\n    at Promise._settlePromiseFromHandler (http://localhost:36429/__cypress/runner/cypress_runner.js:165351:31)\n    at Promise._settlePromise (http://localhost:36429/__cypress/runner/cypress_runner.js:165408:18)\n    at Promise._settlePromise0 (http://localhost:36429/__cypress/runner/cypress_runner.js:165453:10)\n    at Promise._settlePromises (http://localhost:36429/__cypress/runner/cypress_runner.js:165528:18)\n    at Async../node_modules/bluebird/js/release/async.js.Async._drainQueue (http://localhost:36429/__cypress/runner/cypress_runner.js:162140:16)\n    at Async../node_modules/bluebird/js/release/async.js.Async._drainQueues (http://localhost:36429/__cypress/runner/cypress_runner.js:162150:10)\n    at Async.drainQueues (http://localhost:36429/__cypress/runner/cypress_runner.js:162024:14)",
                "diff": null
              },
              "uuid": "e3179e87-c7b9-4489-88cf-b42b48d7344b",
              "parentUUID": "9c55449a-607a-4a62-8209-25dbadd65ca9",
              "isHook": false,
              "skipped": false
            },
            {
              "title": "Verifica se cada elemento da paleta de cores tem uma borda preta, sólida e com 1 pixel de largura;",
              "fullTitle": "2 - Adicione à página uma paleta de quatro cores distintas. Verifica se cada elemento da paleta de cores tem uma borda preta, sólida e com 1 pixel de largura;",
              "timedOut": null,
              "duration": 4324,
              "state": "failed",
              "speed": null,
              "pass": false,
              "fail": true,
              "pending": false,
              "context": null,
              "code": "cy.get('.color').each(function (color) {\n  cy.wrap(color).and('have.css', 'border', \"1px solid \".concat(BLACK)).and('have.class', 'color');\n});",
              "err": {
                "message": "CypressError: Timed out retrying: Expected to find element: '.color', but never found it.",
                "estack": "CypressError: Timed out retrying: Expected to find element: '.color', but never found it.\n    at cypressErr (http://localhost:36429/__cypress/runner/cypress_runner.js:149934:9)\n    at throwErr (http://localhost:36429/__cypress/runner/cypress_runner.js:149867:11)\n    at Object.throwErrByPath (http://localhost:36429/__cypress/runner/cypress_runner.js:149915:3)\n    at retry (http://localhost:36429/__cypress/runner/cypress_runner.js:144197:19)\n    at onFailFn (http://localhost:36429/__cypress/runner/cypress_runner.js:132448:16)\n    at tryCatcher (http://localhost:36429/__cypress/runner/cypress_runner.js:167415:23)\n    at Promise._settlePromiseFromHandler (http://localhost:36429/__cypress/runner/cypress_runner.js:165351:31)\n    at Promise._settlePromise (http://localhost:36429/__cypress/runner/cypress_runner.js:165408:18)\n    at Promise._settlePromise0 (http://localhost:36429/__cypress/runner/cypress_runner.js:165453:10)\n    at Promise._settlePromises (http://localhost:36429/__cypress/runner/cypress_runner.js:165528:18)\n    at Async../node_modules/bluebird/js/release/async.js.Async._drainQueue (http://localhost:36429/__cypress/runner/cypress_runner.js:162140:16)\n    at Async../node_modules/bluebird/js/release/async.js.Async._drainQueues (http://localhost:36429/__cypress/runner/cypress_runner.js:162150:10)\n    at Async.drainQueues (http://localhost:36429/__cypress/runner/cypress_runner.js:162024:14)",
                "diff": null
              },
              "uuid": "019ce1ad-c13e-424b-8ed9-9af3fb63dbb1",
              "parentUUID": "9c55449a-607a-4a62-8209-25dbadd65ca9",
              "isHook": false,
              "skipped": false
            },
            {
              "title": "Verifica se a paleta lista todas as cores disponíveis para utilização, lado a lado.",
              "fullTitle": "2 - Adicione à página uma paleta de quatro cores distintas. Verifica se a paleta lista todas as cores disponíveis para utilização, lado a lado.",
              "timedOut": null,
              "duration": 4339,
              "state": "failed",
              "speed": null,
              "pass": false,
              "fail": true,
              "pending": false,
              "context": null,
              "code": "cy.get('.color').then(function (colors) {\n  for (var index = 1; index < colors.length; index += 1) {\n    var currentColor = colors[index];\n    var previousColor = colors[index - 1];\n    cy.wrap(currentColor).should('be.onTheRightOf', previousColor).and('be.horizontallyAlignedWith', previousColor);\n  }\n});",
              "err": {
                "message": "CypressError: Timed out retrying: Expected to find element: '.color', but never found it.",
                "estack": "CypressError: Timed out retrying: Expected to find element: '.color', but never found it.\n    at cypressErr (http://localhost:36429/__cypress/runner/cypress_runner.js:149934:9)\n    at throwErr (http://localhost:36429/__cypress/runner/cypress_runner.js:149867:11)\n    at Object.throwErrByPath (http://localhost:36429/__cypress/runner/cypress_runner.js:149915:3)\n    at retry (http://localhost:36429/__cypress/runner/cypress_runner.js:144197:19)\n    at onFailFn (http://localhost:36429/__cypress/runner/cypress_runner.js:132448:16)\n    at tryCatcher (http://localhost:36429/__cypress/runner/cypress_runner.js:167415:23)\n    at Promise._settlePromiseFromHandler (http://localhost:36429/__cypress/runner/cypress_runner.js:165351:31)\n    at Promise._settlePromise (http://localhost:36429/__cypress/runner/cypress_runner.js:165408:18)\n    at Promise._settlePromise0 (http://localhost:36429/__cypress/runner/cypress_runner.js:165453:10)\n    at Promise._settlePromises (http://localhost:36429/__cypress/runner/cypress_runner.js:165528:18)\n    at Async../node_modules/bluebird/js/release/async.js.Async._drainQueue (http://localhost:36429/__cypress/runner/cypress_runner.js:162140:16)\n    at Async../node_modules/bluebird/js/release/async.js.Async._drainQueues (http://localhost:36429/__cypress/runner/cypress_runner.js:162150:10)\n    at Async.drainQueues (http://localhost:36429/__cypress/runner/cypress_runner.js:162024:14)",
                "diff": null
              },
              "uuid": "5d8a51e0-01a1-4bde-ad0d-6c12681b20de",
              "parentUUID": "9c55449a-607a-4a62-8209-25dbadd65ca9",
              "isHook": false,
              "skipped": false
            },
            {
              "title": "Verifica se a paleta de cores está posicionada abaixo do título 'Paleta de Cores'",
              "fullTitle": "2 - Adicione à página uma paleta de quatro cores distintas. Verifica se a paleta de cores está posicionada abaixo do título 'Paleta de Cores'",
              "timedOut": null,
              "duration": 4390,
              "state": "failed",
              "speed": null,
              "pass": false,
              "fail": true,
              "pending": false,
              "context": null,
              "code": "cy.get('h1#title').then(function (title) {\n  cy.get('#color-palette').should('be.belowOf', title);\n});",
              "err": {
                "message": "CypressError: Timed out retrying: Expected to find element: '#color-palette', but never found it.",
                "estack": "CypressError: Timed out retrying: Expected to find element: '#color-palette', but never found it.\n    at cypressErr (http://localhost:36429/__cypress/runner/cypress_runner.js:149934:9)\n    at throwErr (http://localhost:36429/__cypress/runner/cypress_runner.js:149867:11)\n    at Object.throwErrByPath (http://localhost:36429/__cypress/runner/cypress_runner.js:149915:3)\n    at retry (http://localhost:36429/__cypress/runner/cypress_runner.js:144197:19)\n    at onFailFn (http://localhost:36429/__cypress/runner/cypress_runner.js:132448:16)\n    at tryCatcher (http://localhost:36429/__cypress/runner/cypress_runner.js:167415:23)\n    at Promise._settlePromiseFromHandler (http://localhost:36429/__cypress/runner/cypress_runner.js:165351:31)\n    at Promise._settlePromise (http://localhost:36429/__cypress/runner/cypress_runner.js:165408:18)\n    at Promise._settlePromise0 (http://localhost:36429/__cypress/runner/cypress_runner.js:165453:10)\n    at Promise._settlePromises (http://localhost:36429/__cypress/runner/cypress_runner.js:165528:18)\n    at Async../node_modules/bluebird/js/release/async.js.Async._drainQueue (http://localhost:36429/__cypress/runner/cypress_runner.js:162140:16)\n    at Async../node_modules/bluebird/js/release/async.js.Async._drainQueues (http://localhost:36429/__cypress/runner/cypress_runner.js:162150:10)\n    at Async.drainQueues (http://localhost:36429/__cypress/runner/cypress_runner.js:162024:14)",
                "diff": null
              },
              "uuid": "13f94345-7f48-48f6-bf6b-2042a2fefae4",
              "parentUUID": "9c55449a-607a-4a62-8209-25dbadd65ca9",
              "isHook": false,
              "skipped": false
            },
            {
              "title": "Verifica se a paleta de cores não contém cores repetidas.",
              "fullTitle": "2 - Adicione à página uma paleta de quatro cores distintas. Verifica se a paleta de cores não contém cores repetidas.",
              "timedOut": null,
              "duration": 4371,
              "state": "failed",
              "speed": null,
              "pass": false,
              "fail": true,
              "pending": false,
              "context": null,
              "code": "cy.get('.color').then(function (colors) {\n  var allColors = Array.from(colors).map(function (color) {\n    return Cypress.$(color).css('background-color');\n  });\n  cy.log(allColors);\n  var uniqColors = (0, _toConsumableArray2[\"default\"])(new Set(allColors));\n  cy.log(uniqColors);\n  expect(allColors.length).to.eq(uniqColors.length);\n});",
              "err": {
                "message": "CypressError: Timed out retrying: Expected to find element: '.color', but never found it.",
                "estack": "CypressError: Timed out retrying: Expected to find element: '.color', but never found it.\n    at cypressErr (http://localhost:36429/__cypress/runner/cypress_runner.js:149934:9)\n    at throwErr (http://localhost:36429/__cypress/runner/cypress_runner.js:149867:11)\n    at Object.throwErrByPath (http://localhost:36429/__cypress/runner/cypress_runner.js:149915:3)\n    at retry (http://localhost:36429/__cypress/runner/cypress_runner.js:144197:19)\n    at onFailFn (http://localhost:36429/__cypress/runner/cypress_runner.js:132448:16)\n    at tryCatcher (http://localhost:36429/__cypress/runner/cypress_runner.js:167415:23)\n    at Promise._settlePromiseFromHandler (http://localhost:36429/__cypress/runner/cypress_runner.js:165351:31)\n    at Promise._settlePromise (http://localhost:36429/__cypress/runner/cypress_runner.js:165408:18)\n    at Promise._settlePromise0 (http://localhost:36429/__cypress/runner/cypress_runner.js:165453:10)\n    at Promise._settlePromises (http://localhost:36429/__cypress/runner/cypress_runner.js:165528:18)\n    at Async../node_modules/bluebird/js/release/async.js.Async._drainQueue (http://localhost:36429/__cypress/runner/cypress_runner.js:162140:16)\n    at Async../node_modules/bluebird/js/release/async.js.Async._drainQueues (http://localhost:36429/__cypress/runner/cypress_runner.js:162150:10)\n    at Async.drainQueues (http://localhost:36429/__cypress/runner/cypress_runner.js:162024:14)",
                "diff": null
              },
              "uuid": "7473472c-065c-4572-91a8-b7e5d9e92238",
              "parentUUID": "9c55449a-607a-4a62-8209-25dbadd65ca9",
              "isHook": false,
              "skipped": false
            }
          ],
          "suites": [],
          "passes": [],
          "failures": [
            "5c8c32b9-9ef0-44c2-94f4-6d843c6e2515",
            "29e8d242-1108-4977-b8af-b080eb1f1bc8",
            "e3179e87-c7b9-4489-88cf-b42b48d7344b",
            "019ce1ad-c13e-424b-8ed9-9af3fb63dbb1",
            "5d8a51e0-01a1-4bde-ad0d-6c12681b20de",
            "13f94345-7f48-48f6-bf6b-2042a2fefae4",
            "7473472c-065c-4572-91a8-b7e5d9e92238"
          ],
          "pending": [],
          "skipped": [],
          "duration": 30318,
          "root": false,
          "rootEmpty": false,
          "_timeout": 2000
        },
        {
          "uuid": "945de747-88e9-4bdc-ad03-85e65d629404",
          "title": "3 - Adicione a cor **preta** como a primeira cor da paleta de cores.",
          "fullFile": "",
          "file": "",
          "beforeHooks": [],
          "afterHooks": [],
          "tests": [
            {
              "title": "Verifica se a primeira cor da paleta é preta",
              "fullTitle": "3 - Adicione a cor **preta** como a primeira cor da paleta de cores. Verifica se a primeira cor da paleta é preta",
              "timedOut": null,
              "duration": 4360,
              "state": "failed",
              "speed": null,
              "pass": false,
              "fail": true,
              "pending": false,
              "context": null,
              "code": "cy.get('.color').first().should('have.css', 'background-color', BLACK);",
              "err": {
                "message": "CypressError: Timed out retrying: Expected to find element: '.color', but never found it.",
                "estack": "CypressError: Timed out retrying: Expected to find element: '.color', but never found it.\n    at cypressErr (http://localhost:36429/__cypress/runner/cypress_runner.js:149934:9)\n    at throwErr (http://localhost:36429/__cypress/runner/cypress_runner.js:149867:11)\n    at Object.throwErrByPath (http://localhost:36429/__cypress/runner/cypress_runner.js:149915:3)\n    at retry (http://localhost:36429/__cypress/runner/cypress_runner.js:144197:19)\n    at onFailFn (http://localhost:36429/__cypress/runner/cypress_runner.js:132448:16)\n    at tryCatcher (http://localhost:36429/__cypress/runner/cypress_runner.js:167415:23)\n    at Promise._settlePromiseFromHandler (http://localhost:36429/__cypress/runner/cypress_runner.js:165351:31)\n    at Promise._settlePromise (http://localhost:36429/__cypress/runner/cypress_runner.js:165408:18)\n    at Promise._settlePromise0 (http://localhost:36429/__cypress/runner/cypress_runner.js:165453:10)\n    at Promise._settlePromises (http://localhost:36429/__cypress/runner/cypress_runner.js:165528:18)\n    at Async../node_modules/bluebird/js/release/async.js.Async._drainQueue (http://localhost:36429/__cypress/runner/cypress_runner.js:162140:16)\n    at Async../node_modules/bluebird/js/release/async.js.Async._drainQueues (http://localhost:36429/__cypress/runner/cypress_runner.js:162150:10)\n    at Async.drainQueues (http://localhost:36429/__cypress/runner/cypress_runner.js:162024:14)",
                "diff": null
              },
              "uuid": "cf7513bb-5429-41f7-add9-aed225a75b9d",
              "parentUUID": "945de747-88e9-4bdc-ad03-85e65d629404",
              "isHook": false,
              "skipped": false
            },
            {
              "title": "Verifica se as demais cores podem ser escolhidas livremente.",
              "fullTitle": "3 - Adicione a cor **preta** como a primeira cor da paleta de cores. Verifica se as demais cores podem ser escolhidas livremente.",
              "timedOut": null,
              "duration": 4269,
              "state": "failed",
              "speed": null,
              "pass": false,
              "fail": true,
              "pending": false,
              "context": null,
              "code": "cy.get('.color').eq(1).should('not.have.css', 'background-color', BLACK);\ncy.get('.color').eq(1).should('not.have.css', 'background-color', WHITE);\ncy.get('.color').eq(1).should('not.have.css', 'background-color', 'rgba(0, 0, 0, 0)');\ncy.get('.color').eq(1).should('have.css', 'background-color');\ncy.get('.color').eq(2).should('not.have.css', 'background-color', BLACK);\ncy.get('.color').eq(2).should('not.have.css', 'background-color', WHITE);\ncy.get('.color').eq(2).should('not.have.css', 'background-color', 'rgba(0, 0, 0, 0)');\ncy.get('.color').eq(2).should('have.css', 'background-color');\ncy.get('.color').eq(3).should('not.have.css', 'background-color', BLACK);\ncy.get('.color').eq(3).should('not.have.css', 'background-color', WHITE);\ncy.get('.color').eq(3).should('not.have.css', 'background-color', 'rgba(0, 0, 0, 0)');\ncy.get('.color').eq(3).should('have.css', 'background-color');",
              "err": {
                "message": "CypressError: Timed out retrying: Expected to find element: '.color', but never found it.",
                "estack": "CypressError: Timed out retrying: Expected to find element: '.color', but never found it.\n    at cypressErr (http://localhost:36429/__cypress/runner/cypress_runner.js:149934:9)\n    at throwErr (http://localhost:36429/__cypress/runner/cypress_runner.js:149867:11)\n    at Object.throwErrByPath (http://localhost:36429/__cypress/runner/cypress_runner.js:149915:3)\n    at retry (http://localhost:36429/__cypress/runner/cypress_runner.js:144197:19)\n    at onFailFn (http://localhost:36429/__cypress/runner/cypress_runner.js:132448:16)\n    at tryCatcher (http://localhost:36429/__cypress/runner/cypress_runner.js:167415:23)\n    at Promise._settlePromiseFromHandler (http://localhost:36429/__cypress/runner/cypress_runner.js:165351:31)\n    at Promise._settlePromise (http://localhost:36429/__cypress/runner/cypress_runner.js:165408:18)\n    at Promise._settlePromise0 (http://localhost:36429/__cypress/runner/cypress_runner.js:165453:10)\n    at Promise._settlePromises (http://localhost:36429/__cypress/runner/cypress_runner.js:165528:18)\n    at Async../node_modules/bluebird/js/release/async.js.Async._drainQueue (http://localhost:36429/__cypress/runner/cypress_runner.js:162140:16)\n    at Async../node_modules/bluebird/js/release/async.js.Async._drainQueues (http://localhost:36429/__cypress/runner/cypress_runner.js:162150:10)\n    at Async.drainQueues (http://localhost:36429/__cypress/runner/cypress_runner.js:162024:14)",
                "diff": null
              },
              "uuid": "ae73088c-def1-4782-9f23-5ed5c9f7631a",
              "parentUUID": "945de747-88e9-4bdc-ad03-85e65d629404",
              "isHook": false,
              "skipped": false
            }
          ],
          "suites": [],
          "passes": [],
          "failures": [
            "cf7513bb-5429-41f7-add9-aed225a75b9d",
            "ae73088c-def1-4782-9f23-5ed5c9f7631a"
          ],
          "pending": [],
          "skipped": [],
          "duration": 8629,
          "root": false,
          "rootEmpty": false,
          "_timeout": 2000
        },
        {
          "uuid": "85fff62e-81a3-4c1d-8438-45d3b4eed6ac",
          "title": "4 - Adicione à página um quadro de pixels, com 25 pixels.",
          "fullFile": "",
          "file": "",
          "beforeHooks": [],
          "afterHooks": [],
          "tests": [
            {
              "title": "Verifica se o quadro de pixels possui o `id` denominado `pixel-board`",
              "fullTitle": "4 - Adicione à página um quadro de pixels, com 25 pixels. Verifica se o quadro de pixels possui o `id` denominado `pixel-board`",
              "timedOut": null,
              "duration": 4306,
              "state": "failed",
              "speed": null,
              "pass": false,
              "fail": true,
              "pending": false,
              "context": null,
              "code": "cy.get('#pixel-board').should('be.visible');",
              "err": {
                "message": "CypressError: Timed out retrying: Expected to find element: '#pixel-board', but never found it.",
                "estack": "CypressError: Timed out retrying: Expected to find element: '#pixel-board', but never found it.\n    at cypressErr (http://localhost:36429/__cypress/runner/cypress_runner.js:149934:9)\n    at throwErr (http://localhost:36429/__cypress/runner/cypress_runner.js:149867:11)\n    at Object.throwErrByPath (http://localhost:36429/__cypress/runner/cypress_runner.js:149915:3)\n    at retry (http://localhost:36429/__cypress/runner/cypress_runner.js:144197:19)\n    at onFailFn (http://localhost:36429/__cypress/runner/cypress_runner.js:132448:16)\n    at tryCatcher (http://localhost:36429/__cypress/runner/cypress_runner.js:167415:23)\n    at Promise._settlePromiseFromHandler (http://localhost:36429/__cypress/runner/cypress_runner.js:165351:31)\n    at Promise._settlePromise (http://localhost:36429/__cypress/runner/cypress_runner.js:165408:18)\n    at Promise._settlePromise0 (http://localhost:36429/__cypress/runner/cypress_runner.js:165453:10)\n    at Promise._settlePromises (http://localhost:36429/__cypress/runner/cypress_runner.js:165528:18)\n    at Async../node_modules/bluebird/js/release/async.js.Async._drainQueue (http://localhost:36429/__cypress/runner/cypress_runner.js:162140:16)\n    at Async../node_modules/bluebird/js/release/async.js.Async._drainQueues (http://localhost:36429/__cypress/runner/cypress_runner.js:162150:10)\n    at Async.drainQueues (http://localhost:36429/__cypress/runner/cypress_runner.js:162024:14)",
                "diff": null
              },
              "uuid": "a560bf1a-9603-440f-974c-bb5a33f2de42",
              "parentUUID": "85fff62e-81a3-4c1d-8438-45d3b4eed6ac",
              "isHook": false,
              "skipped": false
            },
            {
              "title": "Verifica se cada pixel individual dentro do quadro possui a `classe` denominada `pixel`.",
              "fullTitle": "4 - Adicione à página um quadro de pixels, com 25 pixels. Verifica se cada pixel individual dentro do quadro possui a `classe` denominada `pixel`.",
              "timedOut": null,
              "duration": 4236,
              "state": "failed",
              "speed": null,
              "pass": false,
              "fail": true,
              "pending": false,
              "context": null,
              "code": "cy.get('.pixel').should('have.length', 25);",
              "err": {
                "message": "CypressError: Timed out retrying: Expected to find element: '.pixel', but never found it.",
                "estack": "CypressError: Timed out retrying: Expected to find element: '.pixel', but never found it.\n    at cypressErr (http://localhost:36429/__cypress/runner/cypress_runner.js:149934:9)\n    at throwErr (http://localhost:36429/__cypress/runner/cypress_runner.js:149867:11)\n    at Object.throwErrByPath (http://localhost:36429/__cypress/runner/cypress_runner.js:149915:3)\n    at retry (http://localhost:36429/__cypress/runner/cypress_runner.js:144197:19)\n    at onFailFn (http://localhost:36429/__cypress/runner/cypress_runner.js:132448:16)\n    at tryCatcher (http://localhost:36429/__cypress/runner/cypress_runner.js:167415:23)\n    at Promise._settlePromiseFromHandler (http://localhost:36429/__cypress/runner/cypress_runner.js:165351:31)\n    at Promise._settlePromise (http://localhost:36429/__cypress/runner/cypress_runner.js:165408:18)\n    at Promise._settlePromise0 (http://localhost:36429/__cypress/runner/cypress_runner.js:165453:10)\n    at Promise._settlePromises (http://localhost:36429/__cypress/runner/cypress_runner.js:165528:18)\n    at Async../node_modules/bluebird/js/release/async.js.Async._drainQueue (http://localhost:36429/__cypress/runner/cypress_runner.js:162140:16)\n    at Async../node_modules/bluebird/js/release/async.js.Async._drainQueues (http://localhost:36429/__cypress/runner/cypress_runner.js:162150:10)\n    at Async.drainQueues (http://localhost:36429/__cypress/runner/cypress_runner.js:162024:14)",
                "diff": null
              },
              "uuid": "4c5d46fb-cab7-4805-a109-ee3bec3f7cb0",
              "parentUUID": "85fff62e-81a3-4c1d-8438-45d3b4eed6ac",
              "isHook": false,
              "skipped": false
            },
            {
              "title": "Verifica se a cor inicial dos pixels dentro do quadro, ao abrir a página, é branca.",
              "fullTitle": "4 - Adicione à página um quadro de pixels, com 25 pixels. Verifica se a cor inicial dos pixels dentro do quadro, ao abrir a página, é branca.",
              "timedOut": null,
              "duration": 4330,
              "state": "failed",
              "speed": null,
              "pass": false,
              "fail": true,
              "pending": false,
              "context": null,
              "code": "cy.get('.pixel').should('have.length', 25).each(function (pixel) {\n  expect(pixel).to.have.css('background-color', WHITE);\n});",
              "err": {
                "message": "CypressError: Timed out retrying: Expected to find element: '.pixel', but never found it.",
                "estack": "CypressError: Timed out retrying: Expected to find element: '.pixel', but never found it.\n    at cypressErr (http://localhost:36429/__cypress/runner/cypress_runner.js:149934:9)\n    at throwErr (http://localhost:36429/__cypress/runner/cypress_runner.js:149867:11)\n    at Object.throwErrByPath (http://localhost:36429/__cypress/runner/cypress_runner.js:149915:3)\n    at retry (http://localhost:36429/__cypress/runner/cypress_runner.js:144197:19)\n    at onFailFn (http://localhost:36429/__cypress/runner/cypress_runner.js:132448:16)\n    at tryCatcher (http://localhost:36429/__cypress/runner/cypress_runner.js:167415:23)\n    at Promise._settlePromiseFromHandler (http://localhost:36429/__cypress/runner/cypress_runner.js:165351:31)\n    at Promise._settlePromise (http://localhost:36429/__cypress/runner/cypress_runner.js:165408:18)\n    at Promise._settlePromise0 (http://localhost:36429/__cypress/runner/cypress_runner.js:165453:10)\n    at Promise._settlePromises (http://localhost:36429/__cypress/runner/cypress_runner.js:165528:18)\n    at Async../node_modules/bluebird/js/release/async.js.Async._drainQueue (http://localhost:36429/__cypress/runner/cypress_runner.js:162140:16)\n    at Async../node_modules/bluebird/js/release/async.js.Async._drainQueues (http://localhost:36429/__cypress/runner/cypress_runner.js:162150:10)\n    at Async.drainQueues (http://localhost:36429/__cypress/runner/cypress_runner.js:162024:14)",
                "diff": null
              },
              "uuid": "c8d6a41d-fef4-4801-9e21-22c5b504db76",
              "parentUUID": "85fff62e-81a3-4c1d-8438-45d3b4eed6ac",
              "isHook": false,
              "skipped": false
            },
            {
              "title": "Verifica se o quadro de pixels aparece abaixo da paleta de cores",
              "fullTitle": "4 - Adicione à página um quadro de pixels, com 25 pixels. Verifica se o quadro de pixels aparece abaixo da paleta de cores",
              "timedOut": null,
              "duration": 4343,
              "state": "failed",
              "speed": null,
              "pass": false,
              "fail": true,
              "pending": false,
              "context": null,
              "code": "cy.get('#color-palette').then(function (palette) {\n  cy.get('#pixel-board').should('be.belowOf', palette);\n});",
              "err": {
                "message": "CypressError: Timed out retrying: Expected to find element: '#color-palette', but never found it.",
                "estack": "CypressError: Timed out retrying: Expected to find element: '#color-palette', but never found it.\n    at cypressErr (http://localhost:36429/__cypress/runner/cypress_runner.js:149934:9)\n    at throwErr (http://localhost:36429/__cypress/runner/cypress_runner.js:149867:11)\n    at Object.throwErrByPath (http://localhost:36429/__cypress/runner/cypress_runner.js:149915:3)\n    at retry (http://localhost:36429/__cypress/runner/cypress_runner.js:144197:19)\n    at onFailFn (http://localhost:36429/__cypress/runner/cypress_runner.js:132448:16)\n    at tryCatcher (http://localhost:36429/__cypress/runner/cypress_runner.js:167415:23)\n    at Promise._settlePromiseFromHandler (http://localhost:36429/__cypress/runner/cypress_runner.js:165351:31)\n    at Promise._settlePromise (http://localhost:36429/__cypress/runner/cypress_runner.js:165408:18)\n    at Promise._settlePromise0 (http://localhost:36429/__cypress/runner/cypress_runner.js:165453:10)\n    at Promise._settlePromises (http://localhost:36429/__cypress/runner/cypress_runner.js:165528:18)\n    at Async../node_modules/bluebird/js/release/async.js.Async._drainQueue (http://localhost:36429/__cypress/runner/cypress_runner.js:162140:16)\n    at Async../node_modules/bluebird/js/release/async.js.Async._drainQueues (http://localhost:36429/__cypress/runner/cypress_runner.js:162150:10)\n    at Async.drainQueues (http://localhost:36429/__cypress/runner/cypress_runner.js:162024:14)",
                "diff": null
              },
              "uuid": "483fd009-c4a7-4fc1-a955-fc8b5cdf93eb",
              "parentUUID": "85fff62e-81a3-4c1d-8438-45d3b4eed6ac",
              "isHook": false,
              "skipped": false
            }
          ],
          "suites": [],
          "passes": [],
          "failures": [
            "a560bf1a-9603-440f-974c-bb5a33f2de42",
            "4c5d46fb-cab7-4805-a109-ee3bec3f7cb0",
            "c8d6a41d-fef4-4801-9e21-22c5b504db76",
            "483fd009-c4a7-4fc1-a955-fc8b5cdf93eb"
          ],
          "pending": [],
          "skipped": [],
          "duration": 17215,
          "root": false,
          "rootEmpty": false,
          "_timeout": 2000
        },
        {
          "uuid": "ec3e2a51-d73a-4287-a558-6ab1ab8bc4f7",
          "title": "5 - Faça com que cada elemento do quadro de pixels possua 40 pixels de largura, 40 pixels de altura e seja delimitado por uma borda preta de 1 pixel.",
          "fullFile": "",
          "file": "",
          "beforeHooks": [],
          "afterHooks": [],
          "tests": [
            {
              "title": "Verifica se o quadro de pixels tem altura e comprimento de 5 elementos",
              "fullTitle": "5 - Faça com que cada elemento do quadro de pixels possua 40 pixels de largura, 40 pixels de altura e seja delimitado por uma borda preta de 1 pixel. Verifica se o quadro de pixels tem altura e comprimento de 5 elementos",
              "timedOut": null,
              "duration": 4235,
              "state": "failed",
              "speed": null,
              "pass": false,
              "fail": true,
              "pending": false,
              "context": null,
              "code": "cy.get('.pixel').should('have.length', 25).each(function (pixel) {\n  expect(pixel).to.have.css('background-color', WHITE);\n}).and(function (pixels) {\n  var rows = chunk(pixels, 5);\n  rows.forEach(function (row) {\n    for (var index = 1; index < row.length; index += 1) {\n      var current = pixels[index];\n      var previous = pixels[index - 1];\n      cy.wrap(current).should('be.onTheRightOf', previous).and('be.horizontallyAlignedWith', previous);\n    }\n  });\n  for (var index = 1; index < 5; index += 1) {\n    expect(pixels[index * 5]).to.be.belowOf(pixels[(index - 1) * 5]);\n  }\n});",
              "err": {
                "message": "CypressError: Timed out retrying: Expected to find element: '.pixel', but never found it.",
                "estack": "CypressError: Timed out retrying: Expected to find element: '.pixel', but never found it.\n    at cypressErr (http://localhost:36429/__cypress/runner/cypress_runner.js:149934:9)\n    at throwErr (http://localhost:36429/__cypress/runner/cypress_runner.js:149867:11)\n    at Object.throwErrByPath (http://localhost:36429/__cypress/runner/cypress_runner.js:149915:3)\n    at retry (http://localhost:36429/__cypress/runner/cypress_runner.js:144197:19)\n    at onFailFn (http://localhost:36429/__cypress/runner/cypress_runner.js:132448:16)\n    at tryCatcher (http://localhost:36429/__cypress/runner/cypress_runner.js:167415:23)\n    at Promise._settlePromiseFromHandler (http://localhost:36429/__cypress/runner/cypress_runner.js:165351:31)\n    at Promise._settlePromise (http://localhost:36429/__cypress/runner/cypress_runner.js:165408:18)\n    at Promise._settlePromise0 (http://localhost:36429/__cypress/runner/cypress_runner.js:165453:10)\n    at Promise._settlePromises (http://localhost:36429/__cypress/runner/cypress_runner.js:165528:18)\n    at Async../node_modules/bluebird/js/release/async.js.Async._drainQueue (http://localhost:36429/__cypress/runner/cypress_runner.js:162140:16)\n    at Async../node_modules/bluebird/js/release/async.js.Async._drainQueues (http://localhost:36429/__cypress/runner/cypress_runner.js:162150:10)\n    at Async.drainQueues (http://localhost:36429/__cypress/runner/cypress_runner.js:162024:14)",
                "diff": null
              },
              "uuid": "0d3b3be0-aa3f-4038-8938-0642ac3d0436",
              "parentUUID": "ec3e2a51-d73a-4287-a558-6ab1ab8bc4f7",
              "isHook": false,
              "skipped": false
            },
            {
              "title": "Verifica se 40 pixels é o tamanho total do elemento, incluindo seu conteúdo e excluindo a borda preta, que deve ser criada à parte.",
              "fullTitle": "5 - Faça com que cada elemento do quadro de pixels possua 40 pixels de largura, 40 pixels de altura e seja delimitado por uma borda preta de 1 pixel. Verifica se 40 pixels é o tamanho total do elemento, incluindo seu conteúdo e excluindo a borda preta, que deve ser criada à parte.",
              "timedOut": null,
              "duration": 4366,
              "state": "failed",
              "speed": null,
              "pass": false,
              "fail": true,
              "pending": false,
              "context": null,
              "code": "cy.get('.pixel').each(function (pixel) {\n  cy.wrap(pixel).should('have.css', 'height', '40px').and('have.css', 'width', '40px').and('have.css', 'border', \"1px solid \".concat(BLACK));\n});",
              "err": {
                "message": "CypressError: Timed out retrying: Expected to find element: '.pixel', but never found it.",
                "estack": "CypressError: Timed out retrying: Expected to find element: '.pixel', but never found it.\n    at cypressErr (http://localhost:36429/__cypress/runner/cypress_runner.js:149934:9)\n    at throwErr (http://localhost:36429/__cypress/runner/cypress_runner.js:149867:11)\n    at Object.throwErrByPath (http://localhost:36429/__cypress/runner/cypress_runner.js:149915:3)\n    at retry (http://localhost:36429/__cypress/runner/cypress_runner.js:144197:19)\n    at onFailFn (http://localhost:36429/__cypress/runner/cypress_runner.js:132448:16)\n    at tryCatcher (http://localhost:36429/__cypress/runner/cypress_runner.js:167415:23)\n    at Promise._settlePromiseFromHandler (http://localhost:36429/__cypress/runner/cypress_runner.js:165351:31)\n    at Promise._settlePromise (http://localhost:36429/__cypress/runner/cypress_runner.js:165408:18)\n    at Promise._settlePromise0 (http://localhost:36429/__cypress/runner/cypress_runner.js:165453:10)\n    at Promise._settlePromises (http://localhost:36429/__cypress/runner/cypress_runner.js:165528:18)\n    at Async../node_modules/bluebird/js/release/async.js.Async._drainQueue (http://localhost:36429/__cypress/runner/cypress_runner.js:162140:16)\n    at Async../node_modules/bluebird/js/release/async.js.Async._drainQueues (http://localhost:36429/__cypress/runner/cypress_runner.js:162150:10)\n    at Async.drainQueues (http://localhost:36429/__cypress/runner/cypress_runner.js:162024:14)",
                "diff": null
              },
              "uuid": "ff202208-a8c6-4a6f-a994-638b1bcd65eb",
              "parentUUID": "ec3e2a51-d73a-4287-a558-6ab1ab8bc4f7",
              "isHook": false,
              "skipped": false
            }
          ],
          "suites": [],
          "passes": [],
          "failures": [
            "0d3b3be0-aa3f-4038-8938-0642ac3d0436",
            "ff202208-a8c6-4a6f-a994-638b1bcd65eb"
          ],
          "pending": [],
          "skipped": [],
          "duration": 8601,
          "root": false,
          "rootEmpty": false,
          "_timeout": 2000
        },
        {
          "uuid": "c75a460b-9fcc-4068-b209-40c611df0103",
          "title": "6 - Defina a cor preta como cor inicial. Ao carregar a página a cor preta já deve estar selecionada para pintar os pixels",
          "fullFile": "",
          "file": "",
          "beforeHooks": [],
          "afterHooks": [],
          "tests": [
            {
              "title": "Verifica se o elemento da cor preta possui, inicialmente, a `classe` `selected`",
              "fullTitle": "6 - Defina a cor preta como cor inicial. Ao carregar a página a cor preta já deve estar selecionada para pintar os pixels Verifica se o elemento da cor preta possui, inicialmente, a `classe` `selected`",
              "timedOut": null,
              "duration": 4276,
              "state": "failed",
              "speed": null,
              "pass": false,
              "fail": true,
              "pending": false,
              "context": null,
              "code": "cy.get('.selected').first().should('have.css', 'background-color', BLACK);",
              "err": {
                "message": "CypressError: Timed out retrying: Expected to find element: '.selected', but never found it.",
                "estack": "CypressError: Timed out retrying: Expected to find element: '.selected', but never found it.\n    at cypressErr (http://localhost:36429/__cypress/runner/cypress_runner.js:149934:9)\n    at throwErr (http://localhost:36429/__cypress/runner/cypress_runner.js:149867:11)\n    at Object.throwErrByPath (http://localhost:36429/__cypress/runner/cypress_runner.js:149915:3)\n    at retry (http://localhost:36429/__cypress/runner/cypress_runner.js:144197:19)\n    at onFailFn (http://localhost:36429/__cypress/runner/cypress_runner.js:132448:16)\n    at tryCatcher (http://localhost:36429/__cypress/runner/cypress_runner.js:167415:23)\n    at Promise._settlePromiseFromHandler (http://localhost:36429/__cypress/runner/cypress_runner.js:165351:31)\n    at Promise._settlePromise (http://localhost:36429/__cypress/runner/cypress_runner.js:165408:18)\n    at Promise._settlePromise0 (http://localhost:36429/__cypress/runner/cypress_runner.js:165453:10)\n    at Promise._settlePromises (http://localhost:36429/__cypress/runner/cypress_runner.js:165528:18)\n    at Async../node_modules/bluebird/js/release/async.js.Async._drainQueue (http://localhost:36429/__cypress/runner/cypress_runner.js:162140:16)\n    at Async../node_modules/bluebird/js/release/async.js.Async._drainQueues (http://localhost:36429/__cypress/runner/cypress_runner.js:162150:10)\n    at Async.drainQueues (http://localhost:36429/__cypress/runner/cypress_runner.js:162024:14)",
                "diff": null
              },
              "uuid": "3b96fe9b-8870-4724-873d-aa4755cda3d4",
              "parentUUID": "c75a460b-9fcc-4068-b209-40c611df0103",
              "isHook": false,
              "skipped": false
            },
            {
              "title": "Verifica se nenhuma outra cor da paleta tem a `classe` `selected`",
              "fullTitle": "6 - Defina a cor preta como cor inicial. Ao carregar a página a cor preta já deve estar selecionada para pintar os pixels Verifica se nenhuma outra cor da paleta tem a `classe` `selected`",
              "timedOut": null,
              "duration": 4383,
              "state": "failed",
              "speed": null,
              "pass": false,
              "fail": true,
              "pending": false,
              "context": null,
              "code": "cy.get('.color:not(:first-child)').each(function (color) {\n  cy.wrap(color).should('not.have.class', 'selected');\n});",
              "err": {
                "message": "CypressError: Timed out retrying: Expected to find element: '.color:not(:first-child)', but never found it.",
                "estack": "CypressError: Timed out retrying: Expected to find element: '.color:not(:first-child)', but never found it.\n    at cypressErr (http://localhost:36429/__cypress/runner/cypress_runner.js:149934:9)\n    at throwErr (http://localhost:36429/__cypress/runner/cypress_runner.js:149867:11)\n    at Object.throwErrByPath (http://localhost:36429/__cypress/runner/cypress_runner.js:149915:3)\n    at retry (http://localhost:36429/__cypress/runner/cypress_runner.js:144197:19)\n    at onFailFn (http://localhost:36429/__cypress/runner/cypress_runner.js:132448:16)\n    at tryCatcher (http://localhost:36429/__cypress/runner/cypress_runner.js:167415:23)\n    at Promise._settlePromiseFromHandler (http://localhost:36429/__cypress/runner/cypress_runner.js:165351:31)\n    at Promise._settlePromise (http://localhost:36429/__cypress/runner/cypress_runner.js:165408:18)\n    at Promise._settlePromise0 (http://localhost:36429/__cypress/runner/cypress_runner.js:165453:10)\n    at Promise._settlePromises (http://localhost:36429/__cypress/runner/cypress_runner.js:165528:18)\n    at Async../node_modules/bluebird/js/release/async.js.Async._drainQueue (http://localhost:36429/__cypress/runner/cypress_runner.js:162140:16)\n    at Async../node_modules/bluebird/js/release/async.js.Async._drainQueues (http://localhost:36429/__cypress/runner/cypress_runner.js:162150:10)\n    at Async.drainQueues (http://localhost:36429/__cypress/runner/cypress_runner.js:162024:14)",
                "diff": null
              },
              "uuid": "b403a3ac-837c-41e8-9f7f-74b92451057a",
              "parentUUID": "c75a460b-9fcc-4068-b209-40c611df0103",
              "isHook": false,
              "skipped": false
            }
          ],
          "suites": [],
          "passes": [],
          "failures": [
            "3b96fe9b-8870-4724-873d-aa4755cda3d4",
            "b403a3ac-837c-41e8-9f7f-74b92451057a"
          ],
          "pending": [],
          "skipped": [],
          "duration": 8659,
          "root": false,
          "rootEmpty": false,
          "_timeout": 2000
        },
        {
          "uuid": "fc1774fa-6511-437c-bce4-4b06b809be9b",
          "title": "7 - Clicar em uma das cores da paleta, faz com que ela seja selecionada e utilizada para preencher os pixels no quadro.",
          "fullFile": "",
          "file": "",
          "beforeHooks": [],
          "afterHooks": [],
          "tests": [
            {
              "title": "Verifica se somente uma cor da paleta de cores tem a classe `selected` de cada vez",
              "fullTitle": "7 - Clicar em uma das cores da paleta, faz com que ela seja selecionada e utilizada para preencher os pixels no quadro. Verifica se somente uma cor da paleta de cores tem a classe `selected` de cada vez",
              "timedOut": null,
              "duration": 4451,
              "state": "failed",
              "speed": null,
              "pass": false,
              "fail": true,
              "pending": false,
              "context": null,
              "code": "cy.get('.color').each(function (selectedColor, selectedColorIndex) {\n  cy.wrap(selectedColor).click();\n  cy.get('.color').each(function (color, colorIndex) {\n    if (colorIndex === selectedColorIndex) {\n      expect(color).to.have[\"class\"]('selected');\n    } else {\n      expect(color).not.to.have[\"class\"]('selected');\n    }\n  });\n});",
              "err": {
                "message": "CypressError: Timed out retrying: Expected to find element: '.color', but never found it.",
                "estack": "CypressError: Timed out retrying: Expected to find element: '.color', but never found it.\n    at cypressErr (http://localhost:36429/__cypress/runner/cypress_runner.js:149934:9)\n    at throwErr (http://localhost:36429/__cypress/runner/cypress_runner.js:149867:11)\n    at Object.throwErrByPath (http://localhost:36429/__cypress/runner/cypress_runner.js:149915:3)\n    at retry (http://localhost:36429/__cypress/runner/cypress_runner.js:144197:19)\n    at onFailFn (http://localhost:36429/__cypress/runner/cypress_runner.js:132448:16)\n    at tryCatcher (http://localhost:36429/__cypress/runner/cypress_runner.js:167415:23)\n    at Promise._settlePromiseFromHandler (http://localhost:36429/__cypress/runner/cypress_runner.js:165351:31)\n    at Promise._settlePromise (http://localhost:36429/__cypress/runner/cypress_runner.js:165408:18)\n    at Promise._settlePromise0 (http://localhost:36429/__cypress/runner/cypress_runner.js:165453:10)\n    at Promise._settlePromises (http://localhost:36429/__cypress/runner/cypress_runner.js:165528:18)\n    at Async../node_modules/bluebird/js/release/async.js.Async._drainQueue (http://localhost:36429/__cypress/runner/cypress_runner.js:162140:16)\n    at Async../node_modules/bluebird/js/release/async.js.Async._drainQueues (http://localhost:36429/__cypress/runner/cypress_runner.js:162150:10)\n    at Async.drainQueues (http://localhost:36429/__cypress/runner/cypress_runner.js:162024:14)",
                "diff": null
              },
              "uuid": "7b3a2343-3ab1-4e91-83f4-d6d8c74bb633",
              "parentUUID": "fc1774fa-6511-437c-bce4-4b06b809be9b",
              "isHook": false,
              "skipped": false
            },
            {
              "title": "Verifica se os pixels dentro do quadro não têm a classe `selected` quando são clicados",
              "fullTitle": "7 - Clicar em uma das cores da paleta, faz com que ela seja selecionada e utilizada para preencher os pixels no quadro. Verifica se os pixels dentro do quadro não têm a classe `selected` quando são clicados",
              "timedOut": null,
              "duration": 4300,
              "state": "failed",
              "speed": null,
              "pass": false,
              "fail": true,
              "pending": false,
              "context": null,
              "code": "cy.get('.color').each(function (color) {\n  var backgroundColor = color.css('background-color');\n  cy.wrap(color).click();\n  cy.get('.pixel').each(function (pixel) {\n    cy.wrap(pixel).click().should('not.have.class', 'selected');\n  });\n});",
              "err": {
                "message": "CypressError: Timed out retrying: Expected to find element: '.color', but never found it.",
                "estack": "CypressError: Timed out retrying: Expected to find element: '.color', but never found it.\n    at cypressErr (http://localhost:36429/__cypress/runner/cypress_runner.js:149934:9)\n    at throwErr (http://localhost:36429/__cypress/runner/cypress_runner.js:149867:11)\n    at Object.throwErrByPath (http://localhost:36429/__cypress/runner/cypress_runner.js:149915:3)\n    at retry (http://localhost:36429/__cypress/runner/cypress_runner.js:144197:19)\n    at onFailFn (http://localhost:36429/__cypress/runner/cypress_runner.js:132448:16)\n    at tryCatcher (http://localhost:36429/__cypress/runner/cypress_runner.js:167415:23)\n    at Promise._settlePromiseFromHandler (http://localhost:36429/__cypress/runner/cypress_runner.js:165351:31)\n    at Promise._settlePromise (http://localhost:36429/__cypress/runner/cypress_runner.js:165408:18)\n    at Promise._settlePromise0 (http://localhost:36429/__cypress/runner/cypress_runner.js:165453:10)\n    at Promise._settlePromises (http://localhost:36429/__cypress/runner/cypress_runner.js:165528:18)\n    at Async../node_modules/bluebird/js/release/async.js.Async._drainQueue (http://localhost:36429/__cypress/runner/cypress_runner.js:162140:16)\n    at Async../node_modules/bluebird/js/release/async.js.Async._drainQueues (http://localhost:36429/__cypress/runner/cypress_runner.js:162150:10)\n    at Async.drainQueues (http://localhost:36429/__cypress/runner/cypress_runner.js:162024:14)",
                "diff": null
              },
              "uuid": "8584fe01-6605-4e3c-b859-cd09b9b20f3b",
              "parentUUID": "fc1774fa-6511-437c-bce4-4b06b809be9b",
              "isHook": false,
              "skipped": false
            }
          ],
          "suites": [],
          "passes": [],
          "failures": [
            "7b3a2343-3ab1-4e91-83f4-d6d8c74bb633",
            "8584fe01-6605-4e3c-b859-cd09b9b20f3b"
          ],
          "pending": [],
          "skipped": [],
          "duration": 8751,
          "root": false,
          "rootEmpty": false,
          "_timeout": 2000
        },
        {
          "uuid": "265909d6-cf16-45fb-9f0b-93de06ab93eb",
          "title": "8 - Clicar em um pixel dentro do quadro após selecionar uma cor na paleta, faz com que o pixel seja preenchido com a cor selecionada.",
          "fullFile": "",
          "file": "",
          "beforeHooks": [],
          "afterHooks": [],
          "tests": [
            {
              "title": "Verifica se ao carregar a página deve ser possível pintar os pixels de preto",
              "fullTitle": "8 - Clicar em um pixel dentro do quadro após selecionar uma cor na paleta, faz com que o pixel seja preenchido com a cor selecionada. Verifica se ao carregar a página deve ser possível pintar os pixels de preto",
              "timedOut": null,
              "duration": 4343,
              "state": "failed",
              "speed": null,
              "pass": false,
              "fail": true,
              "pending": false,
              "context": null,
              "code": "cy.get('.pixel').each(function (pixel) {\n  cy.wrap(pixel).click().should('have.css', 'background-color', BLACK);\n});",
              "err": {
                "message": "CypressError: Timed out retrying: Expected to find element: '.pixel', but never found it.",
                "estack": "CypressError: Timed out retrying: Expected to find element: '.pixel', but never found it.\n    at cypressErr (http://localhost:36429/__cypress/runner/cypress_runner.js:149934:9)\n    at throwErr (http://localhost:36429/__cypress/runner/cypress_runner.js:149867:11)\n    at Object.throwErrByPath (http://localhost:36429/__cypress/runner/cypress_runner.js:149915:3)\n    at retry (http://localhost:36429/__cypress/runner/cypress_runner.js:144197:19)\n    at onFailFn (http://localhost:36429/__cypress/runner/cypress_runner.js:132448:16)\n    at tryCatcher (http://localhost:36429/__cypress/runner/cypress_runner.js:167415:23)\n    at Promise._settlePromiseFromHandler (http://localhost:36429/__cypress/runner/cypress_runner.js:165351:31)\n    at Promise._settlePromise (http://localhost:36429/__cypress/runner/cypress_runner.js:165408:18)\n    at Promise._settlePromise0 (http://localhost:36429/__cypress/runner/cypress_runner.js:165453:10)\n    at Promise._settlePromises (http://localhost:36429/__cypress/runner/cypress_runner.js:165528:18)\n    at Async../node_modules/bluebird/js/release/async.js.Async._drainQueue (http://localhost:36429/__cypress/runner/cypress_runner.js:162140:16)\n    at Async../node_modules/bluebird/js/release/async.js.Async._drainQueues (http://localhost:36429/__cypress/runner/cypress_runner.js:162150:10)\n    at Async.drainQueues (http://localhost:36429/__cypress/runner/cypress_runner.js:162024:14)",
                "diff": null
              },
              "uuid": "518431ae-baa9-4a74-b438-080cc8355acf",
              "parentUUID": "265909d6-cf16-45fb-9f0b-93de06ab93eb",
              "isHook": false,
              "skipped": false
            },
            {
              "title": "Verifica se após selecionar uma outra cor na paleta, é possível pintar os pixels com essa cor",
              "fullTitle": "8 - Clicar em um pixel dentro do quadro após selecionar uma cor na paleta, faz com que o pixel seja preenchido com a cor selecionada. Verifica se após selecionar uma outra cor na paleta, é possível pintar os pixels com essa cor",
              "timedOut": null,
              "duration": 4301,
              "state": "failed",
              "speed": null,
              "pass": false,
              "fail": true,
              "pending": false,
              "context": null,
              "code": "cy.get('.color').each(function (color) {\n  var backgroundColor = color.css('background-color');\n  cy.wrap(color).click();\n  cy.get('.pixel').each(function (pixel) {\n    cy.wrap(pixel).click().should('have.css', 'background-color', backgroundColor);\n  });\n});",
              "err": {
                "message": "CypressError: Timed out retrying: Expected to find element: '.color', but never found it.",
                "estack": "CypressError: Timed out retrying: Expected to find element: '.color', but never found it.\n    at cypressErr (http://localhost:36429/__cypress/runner/cypress_runner.js:149934:9)\n    at throwErr (http://localhost:36429/__cypress/runner/cypress_runner.js:149867:11)\n    at Object.throwErrByPath (http://localhost:36429/__cypress/runner/cypress_runner.js:149915:3)\n    at retry (http://localhost:36429/__cypress/runner/cypress_runner.js:144197:19)\n    at onFailFn (http://localhost:36429/__cypress/runner/cypress_runner.js:132448:16)\n    at tryCatcher (http://localhost:36429/__cypress/runner/cypress_runner.js:167415:23)\n    at Promise._settlePromiseFromHandler (http://localhost:36429/__cypress/runner/cypress_runner.js:165351:31)\n    at Promise._settlePromise (http://localhost:36429/__cypress/runner/cypress_runner.js:165408:18)\n    at Promise._settlePromise0 (http://localhost:36429/__cypress/runner/cypress_runner.js:165453:10)\n    at Promise._settlePromises (http://localhost:36429/__cypress/runner/cypress_runner.js:165528:18)\n    at Async../node_modules/bluebird/js/release/async.js.Async._drainQueue (http://localhost:36429/__cypress/runner/cypress_runner.js:162140:16)\n    at Async../node_modules/bluebird/js/release/async.js.Async._drainQueues (http://localhost:36429/__cypress/runner/cypress_runner.js:162150:10)\n    at Async.drainQueues (http://localhost:36429/__cypress/runner/cypress_runner.js:162024:14)",
                "diff": null
              },
              "uuid": "4b7e636b-02fd-406a-a717-5d31a2692f3d",
              "parentUUID": "265909d6-cf16-45fb-9f0b-93de06ab93eb",
              "isHook": false,
              "skipped": false
            },
            {
              "title": "Verifica se somente o pixel que foi clicado foi preenchido com a cor selecionada, sem influenciar na cor dos demais pixels.",
              "fullTitle": "8 - Clicar em um pixel dentro do quadro após selecionar uma cor na paleta, faz com que o pixel seja preenchido com a cor selecionada. Verifica se somente o pixel que foi clicado foi preenchido com a cor selecionada, sem influenciar na cor dos demais pixels.",
              "timedOut": null,
              "duration": 4227,
              "state": "failed",
              "speed": null,
              "pass": false,
              "fail": true,
              "pending": false,
              "context": null,
              "code": "var colorToPixelIndexMap = {\n  0: 6,\n  1: 8,\n  2: 16,\n  3: 18\n};\ncy.get('.color').each(function (color, index) {\n  cy.wrap(color).click();\n  var backgroundColor = color.css('background-color');\n  var clickedPixelIndex = colorToPixelIndexMap[index];\n  cy.get('.pixel').eq(clickedPixelIndex).click();\n  cy.get('.pixel').eq(clickedPixelIndex - 1).should('not.have.css', 'background-color', backgroundColor);\n  cy.get('.pixel').eq(clickedPixelIndex + 1).should('not.have.css', 'background-color', backgroundColor);\n  cy.get('.pixel').eq(clickedPixelIndex - 5).should('not.have.css', 'background-color', backgroundColor);\n  cy.get('.pixel').eq(clickedPixelIndex + 5).should('not.have.css', 'background-color', backgroundColor);\n  cy.get('.pixel').eq(clickedPixelIndex - 6).should('not.have.css', 'background-color', backgroundColor);\n  cy.get('.pixel').eq(clickedPixelIndex - 4).should('not.have.css', 'background-color', backgroundColor);\n  cy.get('.pixel').eq(clickedPixelIndex + 4).should('not.have.css', 'background-color', backgroundColor);\n  cy.get('.pixel').eq(clickedPixelIndex + 6).should('not.have.css', 'background-color', backgroundColor);\n});",
              "err": {
                "message": "CypressError: Timed out retrying: Expected to find element: '.color', but never found it.",
                "estack": "CypressError: Timed out retrying: Expected to find element: '.color', but never found it.\n    at cypressErr (http://localhost:36429/__cypress/runner/cypress_runner.js:149934:9)\n    at throwErr (http://localhost:36429/__cypress/runner/cypress_runner.js:149867:11)\n    at Object.throwErrByPath (http://localhost:36429/__cypress/runner/cypress_runner.js:149915:3)\n    at retry (http://localhost:36429/__cypress/runner/cypress_runner.js:144197:19)\n    at onFailFn (http://localhost:36429/__cypress/runner/cypress_runner.js:132448:16)\n    at tryCatcher (http://localhost:36429/__cypress/runner/cypress_runner.js:167415:23)\n    at Promise._settlePromiseFromHandler (http://localhost:36429/__cypress/runner/cypress_runner.js:165351:31)\n    at Promise._settlePromise (http://localhost:36429/__cypress/runner/cypress_runner.js:165408:18)\n    at Promise._settlePromise0 (http://localhost:36429/__cypress/runner/cypress_runner.js:165453:10)\n    at Promise._settlePromises (http://localhost:36429/__cypress/runner/cypress_runner.js:165528:18)\n    at Async../node_modules/bluebird/js/release/async.js.Async._drainQueue (http://localhost:36429/__cypress/runner/cypress_runner.js:162140:16)\n    at Async../node_modules/bluebird/js/release/async.js.Async._drainQueues (http://localhost:36429/__cypress/runner/cypress_runner.js:162150:10)\n    at Async.drainQueues (http://localhost:36429/__cypress/runner/cypress_runner.js:162024:14)",
                "diff": null
              },
              "uuid": "bdf9147d-2c4a-4eae-94f4-3028250dd28c",
              "parentUUID": "265909d6-cf16-45fb-9f0b-93de06ab93eb",
              "isHook": false,
              "skipped": false
            }
          ],
          "suites": [],
          "passes": [],
          "failures": [
            "518431ae-baa9-4a74-b438-080cc8355acf",
            "4b7e636b-02fd-406a-a717-5d31a2692f3d",
            "bdf9147d-2c4a-4eae-94f4-3028250dd28c"
          ],
          "pending": [],
          "skipped": [],
          "duration": 12871,
          "root": false,
          "rootEmpty": false,
          "_timeout": 2000
        },
        {
          "uuid": "77857b0c-8397-46db-96b8-75325155d9b8",
          "title": "9 - Crie um botão que, ao ser clicado, limpa o quadro preenchendo a cor de todos seus pixels com branco.",
          "fullFile": "",
          "file": "",
          "beforeHooks": [],
          "afterHooks": [],
          "tests": [
            {
              "title": "Verifica se o botão tem o `id` denominado `clear-board`",
              "fullTitle": "9 - Crie um botão que, ao ser clicado, limpa o quadro preenchendo a cor de todos seus pixels com branco. Verifica se o botão tem o `id` denominado `clear-board`",
              "timedOut": null,
              "duration": 4333,
              "state": "failed",
              "speed": null,
              "pass": false,
              "fail": true,
              "pending": false,
              "context": null,
              "code": "cy.get('#clear-board').should('be.visible');",
              "err": {
                "message": "CypressError: Timed out retrying: Expected to find element: '#clear-board', but never found it.",
                "estack": "CypressError: Timed out retrying: Expected to find element: '#clear-board', but never found it.\n    at cypressErr (http://localhost:36429/__cypress/runner/cypress_runner.js:149934:9)\n    at throwErr (http://localhost:36429/__cypress/runner/cypress_runner.js:149867:11)\n    at Object.throwErrByPath (http://localhost:36429/__cypress/runner/cypress_runner.js:149915:3)\n    at retry (http://localhost:36429/__cypress/runner/cypress_runner.js:144197:19)\n    at onFailFn (http://localhost:36429/__cypress/runner/cypress_runner.js:132448:16)\n    at tryCatcher (http://localhost:36429/__cypress/runner/cypress_runner.js:167415:23)\n    at Promise._settlePromiseFromHandler (http://localhost:36429/__cypress/runner/cypress_runner.js:165351:31)\n    at Promise._settlePromise (http://localhost:36429/__cypress/runner/cypress_runner.js:165408:18)\n    at Promise._settlePromise0 (http://localhost:36429/__cypress/runner/cypress_runner.js:165453:10)\n    at Promise._settlePromises (http://localhost:36429/__cypress/runner/cypress_runner.js:165528:18)\n    at Async../node_modules/bluebird/js/release/async.js.Async._drainQueue (http://localhost:36429/__cypress/runner/cypress_runner.js:162140:16)\n    at Async../node_modules/bluebird/js/release/async.js.Async._drainQueues (http://localhost:36429/__cypress/runner/cypress_runner.js:162150:10)\n    at Async.drainQueues (http://localhost:36429/__cypress/runner/cypress_runner.js:162024:14)",
                "diff": null
              },
              "uuid": "b77e4b56-a18b-4e86-95cc-e71eae67adfe",
              "parentUUID": "77857b0c-8397-46db-96b8-75325155d9b8",
              "isHook": false,
              "skipped": false
            },
            {
              "title": "Verifica se o botão está posicionado entre a paleta de cores e o quadro de pixels",
              "fullTitle": "9 - Crie um botão que, ao ser clicado, limpa o quadro preenchendo a cor de todos seus pixels com branco. Verifica se o botão está posicionado entre a paleta de cores e o quadro de pixels",
              "timedOut": null,
              "duration": 4334,
              "state": "failed",
              "speed": null,
              "pass": false,
              "fail": true,
              "pending": false,
              "context": null,
              "code": "cy.get('#color-palette').then(function (palette) {\n  cy.get('#clear-board').should('be.belowOf', palette);\n});\ncy.get('#clear-board').then(function (clearBtn) {\n  cy.get('#pixel-board').should('be.belowOf', clearBtn);\n});",
              "err": {
                "message": "CypressError: Timed out retrying: Expected to find element: '#color-palette', but never found it.",
                "estack": "CypressError: Timed out retrying: Expected to find element: '#color-palette', but never found it.\n    at cypressErr (http://localhost:36429/__cypress/runner/cypress_runner.js:149934:9)\n    at throwErr (http://localhost:36429/__cypress/runner/cypress_runner.js:149867:11)\n    at Object.throwErrByPath (http://localhost:36429/__cypress/runner/cypress_runner.js:149915:3)\n    at retry (http://localhost:36429/__cypress/runner/cypress_runner.js:144197:19)\n    at onFailFn (http://localhost:36429/__cypress/runner/cypress_runner.js:132448:16)\n    at tryCatcher (http://localhost:36429/__cypress/runner/cypress_runner.js:167415:23)\n    at Promise._settlePromiseFromHandler (http://localhost:36429/__cypress/runner/cypress_runner.js:165351:31)\n    at Promise._settlePromise (http://localhost:36429/__cypress/runner/cypress_runner.js:165408:18)\n    at Promise._settlePromise0 (http://localhost:36429/__cypress/runner/cypress_runner.js:165453:10)\n    at Promise._settlePromises (http://localhost:36429/__cypress/runner/cypress_runner.js:165528:18)\n    at Async../node_modules/bluebird/js/release/async.js.Async._drainQueue (http://localhost:36429/__cypress/runner/cypress_runner.js:162140:16)\n    at Async../node_modules/bluebird/js/release/async.js.Async._drainQueues (http://localhost:36429/__cypress/runner/cypress_runner.js:162150:10)\n    at Async.drainQueues (http://localhost:36429/__cypress/runner/cypress_runner.js:162024:14)",
                "diff": null
              },
              "uuid": "1fc3979c-c223-49ab-9c88-ba44eba99cb1",
              "parentUUID": "77857b0c-8397-46db-96b8-75325155d9b8",
              "isHook": false,
              "skipped": false
            },
            {
              "title": "Verifica se o texto do botão é 'Limpar'",
              "fullTitle": "9 - Crie um botão que, ao ser clicado, limpa o quadro preenchendo a cor de todos seus pixels com branco. Verifica se o texto do botão é 'Limpar'",
              "timedOut": null,
              "duration": 4321,
              "state": "failed",
              "speed": null,
              "pass": false,
              "fail": true,
              "pending": false,
              "context": null,
              "code": "cy.get('#clear-board').should('contain.text', 'Limpar');",
              "err": {
                "message": "CypressError: Timed out retrying: Expected to find element: '#clear-board', but never found it.",
                "estack": "CypressError: Timed out retrying: Expected to find element: '#clear-board', but never found it.\n    at cypressErr (http://localhost:36429/__cypress/runner/cypress_runner.js:149934:9)\n    at throwErr (http://localhost:36429/__cypress/runner/cypress_runner.js:149867:11)\n    at Object.throwErrByPath (http://localhost:36429/__cypress/runner/cypress_runner.js:149915:3)\n    at retry (http://localhost:36429/__cypress/runner/cypress_runner.js:144197:19)\n    at onFailFn (http://localhost:36429/__cypress/runner/cypress_runner.js:132448:16)\n    at tryCatcher (http://localhost:36429/__cypress/runner/cypress_runner.js:167415:23)\n    at Promise._settlePromiseFromHandler (http://localhost:36429/__cypress/runner/cypress_runner.js:165351:31)\n    at Promise._settlePromise (http://localhost:36429/__cypress/runner/cypress_runner.js:165408:18)\n    at Promise._settlePromise0 (http://localhost:36429/__cypress/runner/cypress_runner.js:165453:10)\n    at Promise._settlePromises (http://localhost:36429/__cypress/runner/cypress_runner.js:165528:18)\n    at Async../node_modules/bluebird/js/release/async.js.Async._drainQueue (http://localhost:36429/__cypress/runner/cypress_runner.js:162140:16)\n    at Async../node_modules/bluebird/js/release/async.js.Async._drainQueues (http://localhost:36429/__cypress/runner/cypress_runner.js:162150:10)\n    at Async.drainQueues (http://localhost:36429/__cypress/runner/cypress_runner.js:162024:14)",
                "diff": null
              },
              "uuid": "cd1d28de-0768-45fd-9800-a8f343869f90",
              "parentUUID": "77857b0c-8397-46db-96b8-75325155d9b8",
              "isHook": false,
              "skipped": false
            },
            {
              "title": "Verifica se ao clicar no botão, o quadro de pixels é totalmente preenchido de branco",
              "fullTitle": "9 - Crie um botão que, ao ser clicado, limpa o quadro preenchendo a cor de todos seus pixels com branco. Verifica se ao clicar no botão, o quadro de pixels é totalmente preenchido de branco",
              "timedOut": null,
              "duration": 4351,
              "state": "failed",
              "speed": null,
              "pass": false,
              "fail": true,
              "pending": false,
              "context": null,
              "code": "cy.get('.color').eq(1).then(function (color) {\n  var backgroundColor = color.css('background-color');\n  cy.wrap(color).click();\n  cy.get('.pixel').each(function (pixel) {\n    cy.wrap(pixel).click().should('have.css', 'background-color', backgroundColor);\n  });\n});\ncy.get('#clear-board').click();\ncy.get('.pixel').each(function (pixel) {\n  cy.wrap(pixel).should('have.css', 'background-color', WHITE);\n});",
              "err": {
                "message": "CypressError: Timed out retrying: Expected to find element: '.color', but never found it.",
                "estack": "CypressError: Timed out retrying: Expected to find element: '.color', but never found it.\n    at cypressErr (http://localhost:36429/__cypress/runner/cypress_runner.js:149934:9)\n    at throwErr (http://localhost:36429/__cypress/runner/cypress_runner.js:149867:11)\n    at Object.throwErrByPath (http://localhost:36429/__cypress/runner/cypress_runner.js:149915:3)\n    at retry (http://localhost:36429/__cypress/runner/cypress_runner.js:144197:19)\n    at onFailFn (http://localhost:36429/__cypress/runner/cypress_runner.js:132448:16)\n    at tryCatcher (http://localhost:36429/__cypress/runner/cypress_runner.js:167415:23)\n    at Promise._settlePromiseFromHandler (http://localhost:36429/__cypress/runner/cypress_runner.js:165351:31)\n    at Promise._settlePromise (http://localhost:36429/__cypress/runner/cypress_runner.js:165408:18)\n    at Promise._settlePromise0 (http://localhost:36429/__cypress/runner/cypress_runner.js:165453:10)\n    at Promise._settlePromises (http://localhost:36429/__cypress/runner/cypress_runner.js:165528:18)\n    at Async../node_modules/bluebird/js/release/async.js.Async._drainQueue (http://localhost:36429/__cypress/runner/cypress_runner.js:162140:16)\n    at Async../node_modules/bluebird/js/release/async.js.Async._drainQueues (http://localhost:36429/__cypress/runner/cypress_runner.js:162150:10)\n    at Async.drainQueues (http://localhost:36429/__cypress/runner/cypress_runner.js:162024:14)",
                "diff": null
              },
              "uuid": "e83ec6ee-59d5-4bf3-8d09-98b8ca8e8aa0",
              "parentUUID": "77857b0c-8397-46db-96b8-75325155d9b8",
              "isHook": false,
              "skipped": false
            }
          ],
          "suites": [],
          "passes": [],
          "failures": [
            "b77e4b56-a18b-4e86-95cc-e71eae67adfe",
            "1fc3979c-c223-49ab-9c88-ba44eba99cb1",
[...]
                "diff": null
              },
              "uuid": "dea7bf90-0f6b-42c2-a86c-d6615c7540e0",
              "parentUUID": "00b91826-c5a4-4a5c-a6c0-83f521cbafa5",
              "isHook": false,
              "skipped": false
            },
            {
              "title": "Verifica se o novo quadro tem todos os pixels preenchidos com a cor branca",
              "fullTitle": "10 - Faça o quadro de pixels ter seu tamanho definido pelo usuário. Verifica se o novo quadro tem todos os pixels preenchidos com a cor branca",
              "timedOut": null,
              "duration": 4323,
              "state": "failed",
              "speed": null,
              "pass": false,
              "fail": true,
              "pending": false,
              "context": null,
              "code": "cy.get('#board-size').clear().type(6);\ncy.get('#generate-board').click();\ncy.get('.pixel').should('have.length', 36).each(function (pixel) {\n  expect(pixel).to.have.css('background-color', WHITE);\n});",
              "err": {
                "message": "CypressError: Timed out retrying: Expected to find element: '#board-size', but never found it.",
                "estack": "CypressError: Timed out retrying: Expected to find element: '#board-size', but never found it.\n    at cypressErr (http://localhost:36429/__cypress/runner/cypress_runner.js:149934:9)\n    at throwErr (http://localhost:36429/__cypress/runner/cypress_runner.js:149867:11)\n    at Object.throwErrByPath (http://localhost:36429/__cypress/runner/cypress_runner.js:149915:3)\n    at retry (http://localhost:36429/__cypress/runner/cypress_runner.js:144197:19)\n    at onFailFn (http://localhost:36429/__cypress/runner/cypress_runner.js:132448:16)\n    at tryCatcher (http://localhost:36429/__cypress/runner/cypress_runner.js:167415:23)\n    at Promise._settlePromiseFromHandler (http://localhost:36429/__cypress/runner/cypress_runner.js:165351:31)\n    at Promise._settlePromise (http://localhost:36429/__cypress/runner/cypress_runner.js:165408:18)\n    at Promise._settlePromise0 (http://localhost:36429/__cypress/runner/cypress_runner.js:165453:10)\n    at Promise._settlePromises (http://localhost:36429/__cypress/runner/cypress_runner.js:165528:18)\n    at Async../node_modules/bluebird/js/release/async.js.Async._drainQueue (http://localhost:36429/__cypress/runner/cypress_runner.js:162140:16)\n    at Async../node_modules/bluebird/js/release/async.js.Async._drainQueues (http://localhost:36429/__cypress/runner/cypress_runner.js:162150:10)\n    at Async.drainQueues (http://localhost:36429/__cypress/runner/cypress_runner.js:162024:14)",
                "diff": null
              },
              "uuid": "1d0ceb62-ed4f-4915-a029-08191dbf3b10",
              "parentUUID": "00b91826-c5a4-4a5c-a6c0-83f521cbafa5",
              "isHook": false,
              "skipped": false
            }
          ],
          "suites": [],
          "passes": [],
          "failures": [
            "ff6bd7b4-928e-48fd-a19e-4632f2dd23d8",
            "90b5e24c-f878-4760-b6cf-3e40456ba264",
            "1b38fc66-1869-424a-8068-6e6e396d1773",
            "6838e190-d29b-41bc-a257-c0cbedaa62dc",
            "c4e28a7c-5a42-4bc5-b475-e4df3fe11d0c",
            "28a2f5ee-fab5-4497-8ab7-fe18003cdca5",
            "3b898cbd-792d-4420-a9ab-ab7ec02d1271",
            "dea7bf90-0f6b-42c2-a86c-d6615c7540e0",
            "1d0ceb62-ed4f-4915-a029-08191dbf3b10"
          ],
          "pending": [],
          "skipped": [],
          "duration": 39017,
          "root": false,
          "rootEmpty": false,
          "_timeout": 2000
        },
        {
          "uuid": "dc213eda-4d57-4dc4-94de-4acb50b0d7b6",
          "title": "11 - Limite o tamanho mínimo e máximo do board.",
          "fullFile": "",
          "file": "",
          "beforeHooks": [],
          "afterHooks": [],
          "tests": [
            {
              "title": "Verifica se a altura máxima do board é 50",
              "fullTitle": "11 - Limite o tamanho mínimo e máximo do board. Verifica se a altura máxima do board é 50",
              "timedOut": null,
              "duration": 4348,
              "state": "failed",
              "speed": null,
              "pass": false,
              "fail": true,
              "pending": false,
              "context": null,
              "code": "cy.get('#board-size').clear().type(50);\ncy.get('#generate-board').click();\ncy.get('.pixel').should('have.length', 2500);",
              "err": {
                "message": "CypressError: Timed out retrying: Expected to find element: '#board-size', but never found it.",
                "estack": "CypressError: Timed out retrying: Expected to find element: '#board-size', but never found it.\n    at cypressErr (http://localhost:36429/__cypress/runner/cypress_runner.js:149934:9)\n    at throwErr (http://localhost:36429/__cypress/runner/cypress_runner.js:149867:11)\n    at Object.throwErrByPath (http://localhost:36429/__cypress/runner/cypress_runner.js:149915:3)\n    at retry (http://localhost:36429/__cypress/runner/cypress_runner.js:144197:19)\n    at onFailFn (http://localhost:36429/__cypress/runner/cypress_runner.js:132448:16)\n    at tryCatcher (http://localhost:36429/__cypress/runner/cypress_runner.js:167415:23)\n    at Promise._settlePromiseFromHandler (http://localhost:36429/__cypress/runner/cypress_runner.js:165351:31)\n    at Promise._settlePromise (http://localhost:36429/__cypress/runner/cypress_runner.js:165408:18)\n    at Promise._settlePromise0 (http://localhost:36429/__cypress/runner/cypress_runner.js:165453:10)\n    at Promise._settlePromises (http://localhost:36429/__cypress/runner/cypress_runner.js:165528:18)\n    at Async../node_modules/bluebird/js/release/async.js.Async._drainQueue (http://localhost:36429/__cypress/runner/cypress_runner.js:162140:16)\n    at Async../node_modules/bluebird/js/release/async.js.Async._drainQueues (http://localhost:36429/__cypress/runner/cypress_runner.js:162150:10)\n    at Async.drainQueues (http://localhost:36429/__cypress/runner/cypress_runner.js:162024:14)",
                "diff": null
              },
              "uuid": "70a18cec-04da-45f5-bf4c-70ffd33b00e2",
              "parentUUID": "dc213eda-4d57-4dc4-94de-4acb50b0d7b6",
              "isHook": false,
              "skipped": false
            },
            {
              "title": "Verifica se a altura do board é 5 quando um valor menor é colocado no input",
              "fullTitle": "11 - Limite o tamanho mínimo e máximo do board. Verifica se a altura do board é 5 quando um valor menor é colocado no input",
              "timedOut": null,
              "duration": 4330,
              "state": "failed",
              "speed": null,
              "pass": false,
              "fail": true,
              "pending": false,
              "context": null,
              "code": "cy.get('#board-size').clear().type(4);\ncy.get('#generate-board').click();\ncy.get('.pixel').should('have.length', 25);",
              "err": {
                "message": "CypressError: Timed out retrying: Expected to find element: '#board-size', but never found it.",
                "estack": "CypressError: Timed out retrying: Expected to find element: '#board-size', but never found it.\n    at cypressErr (http://localhost:36429/__cypress/runner/cypress_runner.js:149934:9)\n    at throwErr (http://localhost:36429/__cypress/runner/cypress_runner.js:149867:11)\n    at Object.throwErrByPath (http://localhost:36429/__cypress/runner/cypress_runner.js:149915:3)\n    at retry (http://localhost:36429/__cypress/runner/cypress_runner.js:144197:19)\n    at onFailFn (http://localhost:36429/__cypress/runner/cypress_runner.js:132448:16)\n    at tryCatcher (http://localhost:36429/__cypress/runner/cypress_runner.js:167415:23)\n    at Promise._settlePromiseFromHandler (http://localhost:36429/__cypress/runner/cypress_runner.js:165351:31)\n    at Promise._settlePromise (http://localhost:36429/__cypress/runner/cypress_runner.js:165408:18)\n    at Promise._settlePromise0 (http://localhost:36429/__cypress/runner/cypress_runner.js:165453:10)\n    at Promise._settlePromises (http://localhost:36429/__cypress/runner/cypress_runner.js:165528:18)\n    at Async../node_modules/bluebird/js/release/async.js.Async._drainQueue (http://localhost:36429/__cypress/runner/cypress_runner.js:162140:16)\n    at Async../node_modules/bluebird/js/release/async.js.Async._drainQueues (http://localhost:36429/__cypress/runner/cypress_runner.js:162150:10)\n    at Async.drainQueues (http://localhost:36429/__cypress/runner/cypress_runner.js:162024:14)",
                "diff": null
              },
              "uuid": "1dd3ec6e-8db3-491f-b325-ad797fa8cdc2",
              "parentUUID": "dc213eda-4d57-4dc4-94de-4acb50b0d7b6",
              "isHook": false,
              "skipped": false
            },
            {
              "title": "Verifica se a altura do board é 50 quando um valor maior é colocado no input",
              "fullTitle": "11 - Limite o tamanho mínimo e máximo do board. Verifica se a altura do board é 50 quando um valor maior é colocado no input",
              "timedOut": null,
              "duration": 4345,
              "state": "failed",
              "speed": null,
              "pass": false,
              "fail": true,
              "pending": false,
              "context": null,
              "code": "cy.get('#board-size').clear().type(51);\ncy.get('#generate-board').click();\ncy.get('.pixel').should('have.length', 2500);",
              "err": {
                "message": "CypressError: Timed out retrying: Expected to find element: '#board-size', but never found it.",
                "estack": "CypressError: Timed out retrying: Expected to find element: '#board-size', but never found it.\n    at cypressErr (http://localhost:36429/__cypress/runner/cypress_runner.js:149934:9)\n    at throwErr (http://localhost:36429/__cypress/runner/cypress_runner.js:149867:11)\n    at Object.throwErrByPath (http://localhost:36429/__cypress/runner/cypress_runner.js:149915:3)\n    at retry (http://localhost:36429/__cypress/runner/cypress_runner.js:144197:19)\n    at onFailFn (http://localhost:36429/__cypress/runner/cypress_runner.js:132448:16)\n    at tryCatcher (http://localhost:36429/__cypress/runner/cypress_runner.js:167415:23)\n    at Promise._settlePromiseFromHandler (http://localhost:36429/__cypress/runner/cypress_runner.js:165351:31)\n    at Promise._settlePromise (http://localhost:36429/__cypress/runner/cypress_runner.js:165408:18)\n    at Promise._settlePromise0 (http://localhost:36429/__cypress/runner/cypress_runner.js:165453:10)\n    at Promise._settlePromises (http://localhost:36429/__cypress/runner/cypress_runner.js:165528:18)\n    at Async../node_modules/bluebird/js/release/async.js.Async._drainQueue (http://localhost:36429/__cypress/runner/cypress_runner.js:162140:16)\n    at Async../node_modules/bluebird/js/release/async.js.Async._drainQueues (http://localhost:36429/__cypress/runner/cypress_runner.js:162150:10)\n    at Async.drainQueues (http://localhost:36429/__cypress/runner/cypress_runner.js:162024:14)",
                "diff": null
              },
              "uuid": "4d68b6a7-7a6d-468e-95fd-daf587323425",
              "parentUUID": "dc213eda-4d57-4dc4-94de-4acb50b0d7b6",
              "isHook": false,
              "skipped": false
            }
          ],
          "suites": [],
          "passes": [],
          "failures": [
            "70a18cec-04da-45f5-bf4c-70ffd33b00e2",
            "1dd3ec6e-8db3-491f-b325-ad797fa8cdc2",
            "4d68b6a7-7a6d-468e-95fd-daf587323425"
          ],
          "pending": [],
          "skipped": [],
          "duration": 13023,
          "root": false,
          "rootEmpty": false,
          "_timeout": 2000
        },
        {
          "uuid": "6a51249e-ede2-4b07-9902-fdaea5fcf3df",
          "title": "12 - Faça com que as cores da paleta sejam geradas aleatoriamente ao carregar a página.",
          "fullFile": "",
          "file": "",
          "beforeHooks": [],
          "afterHooks": [],
          "tests": [
            {
              "title": "Verifica se as cores geradas na paleta são diferentes a cada carregamento da página",
              "fullTitle": "12 - Faça com que as cores da paleta sejam geradas aleatoriamente ao carregar a página. Verifica se as cores geradas na paleta são diferentes a cada carregamento da página",
              "timedOut": null,
              "duration": 4427,
              "state": "failed",
              "speed": null,
              "pass": false,
              "fail": true,
              "pending": false,
              "context": null,
              "code": "cy.get('.color').then(function (colors) {\n  var currentColors;\n  var previousColors;\n  previousColors = Array.from(colors).map(function (color) {\n    return Cypress.$(color).css('background-color');\n  });\n  for (var i = 0; i < 5; i += 1) {\n    cy.reload();\n    cy.get('.color').then(function (colors) {\n      currentColors = Array.from(colors).map(function (color) {\n        return Cypress.$(color).css('background-color');\n      });\n      expect(currentColors).not.to.deep.equal(previousColors);\n      previousColors = currentColors;\n    });\n  }\n});",
              "err": {
                "message": "CypressError: Timed out retrying: Expected to find element: '.color', but never found it.",
                "estack": "CypressError: Timed out retrying: Expected to find element: '.color', but never found it.\n    at cypressErr (http://localhost:36429/__cypress/runner/cypress_runner.js:149934:9)\n    at throwErr (http://localhost:36429/__cypress/runner/cypress_runner.js:149867:11)\n    at Object.throwErrByPath (http://localhost:36429/__cypress/runner/cypress_runner.js:149915:3)\n    at retry (http://localhost:36429/__cypress/runner/cypress_runner.js:144197:19)\n    at onFailFn (http://localhost:36429/__cypress/runner/cypress_runner.js:132448:16)\n    at tryCatcher (http://localhost:36429/__cypress/runner/cypress_runner.js:167415:23)\n    at Promise._settlePromiseFromHandler (http://localhost:36429/__cypress/runner/cypress_runner.js:165351:31)\n    at Promise._settlePromise (http://localhost:36429/__cypress/runner/cypress_runner.js:165408:18)\n    at Promise._settlePromise0 (http://localhost:36429/__cypress/runner/cypress_runner.js:165453:10)\n    at Promise._settlePromises (http://localhost:36429/__cypress/runner/cypress_runner.js:165528:18)\n    at Async../node_modules/bluebird/js/release/async.js.Async._drainQueue (http://localhost:36429/__cypress/runner/cypress_runner.js:162140:16)\n    at Async../node_modules/bluebird/js/release/async.js.Async._drainQueues (http://localhost:36429/__cypress/runner/cypress_runner.js:162150:10)\n    at Async.drainQueues (http://localhost:36429/__cypress/runner/cypress_runner.js:162024:14)",
                "diff": null
              },
              "uuid": "04e83337-198d-4950-b34e-32cf459a1429",
              "parentUUID": "6a51249e-ede2-4b07-9902-fdaea5fcf3df",
              "isHook": false,
              "skipped": false
            },
            {
              "title": "Verifica se a cor preta ainda está presente e é a primeira na sua paleta de cores",
              "fullTitle": "12 - Faça com que as cores da paleta sejam geradas aleatoriamente ao carregar a página. Verifica se a cor preta ainda está presente e é a primeira na sua paleta de cores",
              "timedOut": null,
              "duration": 4388,
              "state": "failed",
              "speed": null,
              "pass": false,
              "fail": true,
              "pending": false,
              "context": null,
              "code": "cy.get('.color').then(function (colors) {\n  var currentColors;\n  var previousColors;\n  previousColors = Array.from(colors).map(function (color) {\n    return Cypress.$(color).css('background-color');\n  });\n  expect(previousColors[0]).to.eq(BLACK);\n  for (var i = 0; i < 5; i += 1) {\n    cy.reload();\n    cy.get('.color').then(function (colors) {\n      currentColors = Array.from(colors).map(function (color) {\n        return Cypress.$(color).css('background-color');\n      });\n      expect(currentColors[0]).to.eq(BLACK);\n      expect(currentColors).not.to.deep.equal(previousColors);\n      previousColors = currentColors;\n    });\n  }\n});",
              "err": {
                "message": "CypressError: Timed out retrying: Expected to find element: '.color', but never found it.",
                "estack": "CypressError: Timed out retrying: Expected to find element: '.color', but never found it.\n    at cypressErr (http://localhost:36429/__cypress/runner/cypress_runner.js:149934:9)\n    at throwErr (http://localhost:36429/__cypress/runner/cypress_runner.js:149867:11)\n    at Object.throwErrByPath (http://localhost:36429/__cypress/runner/cypress_runner.js:149915:3)\n    at retry (http://localhost:36429/__cypress/runner/cypress_runner.js:144197:19)\n    at onFailFn (http://localhost:36429/__cypress/runner/cypress_runner.js:132448:16)\n    at tryCatcher (http://localhost:36429/__cypress/runner/cypress_runner.js:167415:23)\n    at Promise._settlePromiseFromHandler (http://localhost:36429/__cypress/runner/cypress_runner.js:165351:31)\n    at Promise._settlePromise (http://localhost:36429/__cypress/runner/cypress_runner.js:165408:18)\n    at Promise._settlePromise0 (http://localhost:36429/__cypress/runner/cypress_runner.js:165453:10)\n    at Promise._settlePromises (http://localhost:36429/__cypress/runner/cypress_runner.js:165528:18)\n    at Async../node_modules/bluebird/js/release/async.js.Async._drainQueue (http://localhost:36429/__cypress/runner/cypress_runner.js:162140:16)\n    at Async../node_modules/bluebird/js/release/async.js.Async._drainQueues (http://localhost:36429/__cypress/runner/cypress_runner.js:162150:10)\n    at Async.drainQueues (http://localhost:36429/__cypress/runner/cypress_runner.js:162024:14)",
                "diff": null
              },
              "uuid": "787c3198-008c-486c-9c08-dd1f799505c4",
              "parentUUID": "6a51249e-ede2-4b07-9902-fdaea5fcf3df",
              "isHook": false,
              "skipped": false
            }
          ],
          "suites": [],
          "passes": [],
          "failures": [
            "04e83337-198d-4950-b34e-32cf459a1429",
            "787c3198-008c-486c-9c08-dd1f799505c4"
          ],
          "pending": [],
          "skipped": [],
          "duration": 8815,
          "root": false,
          "rootEmpty": false,
          "_timeout": 2000
        }
      ],
      "passes": [],
      "failures": [],
      "pending": [],
      "skipped": [],
      "duration": 0,
      "root": true,
      "rootEmpty": true,
      "_timeout": 2000
    }
  ],
  "meta": {
    "mocha": {
      "version": "7.0.1"
    },
    "mochawesome": {
      "options": {
        "quiet": false,
        "reportFilename": "mochawesome",
        "saveHtml": false,
        "saveJson": true,
        "consoleReporter": "spec",
        "useInlineDiffs": false
      },
      "version": "4.1.0"
    },
    "marge": {
      "options": {
        "id": "default",
        "reportDir": "cypress/reports",
        "overwrite": true,
        "html": false,
        "json": true
      },
      "version": "4.1.0"
    }
  }
}